[debug] [2023-11-25T06:45:00.818Z] ----------------------------------------------------------------------
[debug] [2023-11-25T06:45:00.820Z] Command:       C:\Program Files\nodejs\node.exe C:\Users\erics\AppData\Roaming\npm\node_modules\firebase-tools\lib\bin\firebase.js emulators:start --only firestore
[debug] [2023-11-25T06:45:00.820Z] CLI Version:   12.9.1
[debug] [2023-11-25T06:45:00.820Z] Platform:      win32
[debug] [2023-11-25T06:45:00.821Z] Node Version:  v16.13.2
[debug] [2023-11-25T06:45:00.821Z] Time:          Sat Nov 25 2023 01:45:00 GMT-0500 (Eastern Standard Time)
[debug] [2023-11-25T06:45:00.822Z] ----------------------------------------------------------------------
[debug] 
[debug] [2023-11-25T06:45:00.920Z] Field ".emulators.auth.port" in "firebase.json" is possibly invalid: should be number
[debug] [2023-11-25T06:45:00.927Z] > command requires scopes: ["email","openid","https://www.googleapis.com/auth/cloudplatformprojects.readonly","https://www.googleapis.com/auth/firebase","https://www.googleapis.com/auth/cloud-platform"]
[debug] [2023-11-25T06:45:00.928Z] > authorizing via signed-in user (erimedi626@gmail.com)
[debug] [2023-11-25T06:45:01.100Z] java version "17.0.1" 2021-10-19 LTS
Java(TM) SE Runtime Environment (build 17.0.1+12-LTS-39)

[debug] [2023-11-25T06:45:01.100Z] Java HotSpot(TM) 64-Bit Server VM (build 17.0.1+12-LTS-39, mixed mode, sharing)

[debug] [2023-11-25T06:45:01.123Z] Parsed Java major version: 17
[info] i  emulators: Starting emulators: firestore {"metadata":{"emulator":{"name":"hub"},"message":"Starting emulators: firestore"}}
[debug] [2023-11-25T06:45:01.135Z] [logging] Logging Emulator only supports listening on one address (127.0.0.1). Not listening on ::1
[debug] [2023-11-25T06:45:01.136Z] [firestore] Firestore Emulator only supports listening on one address (127.0.0.1). Not listening on ::1
[debug] [2023-11-25T06:45:01.136Z] [firestore.websocket] websocket server for firestore only supports listening on one address (127.0.0.1). Not listening on ::1
[debug] [2023-11-25T06:45:01.136Z] assigned listening specs for emulators {"user":{"hub":[{"address":"127.0.0.1","family":"IPv4","port":4400},{"address":"::1","family":"IPv6","port":4400}],"ui":[{"address":"127.0.0.1","family":"IPv4","port":4000},{"address":"::1","family":"IPv6","port":4000}],"logging":[{"address":"127.0.0.1","family":"IPv4","port":4500}],"firestore":[{"address":"127.0.0.1","family":"IPv4","port":8080}],"firestore.websocket":[{"address":"127.0.0.1","family":"IPv4","port":9150}]},"metadata":{"message":"assigned listening specs for emulators"}}
[debug] [2023-11-25T06:45:01.148Z] [hub] writing locator at C:\Users\erics\AppData\Local\Temp\hub-cisc327newprojectdb.json
[debug] [2023-11-25T06:45:01.160Z] Ignoring unsupported arg: auto_download {"metadata":{"emulator":{"name":"firestore"},"message":"Ignoring unsupported arg: auto_download"}}
[debug] [2023-11-25T06:45:01.160Z] Starting Firestore Emulator with command {"binary":"java","args":["-Dgoogle.cloud_firestore.debug_log_level=FINE","-Duser.language=en","-jar","C:\\Users\\erics\\.cache\\firebase\\emulators\\cloud-firestore-emulator-v1.18.2.jar","--host","127.0.0.1","--port",8080,"--websocket_port",9150,"--project_id","cisc327newprojectdb","--rules","C:\\Users\\erics\\VSC\\WebDev\\CISC-327-Task-Manager\\task-management-system\\firestore.rules"],"optionalArgs":["port","webchannel_port","host","rules","websocket_port","functions_emulator","seed_from_export","project_id","single_project_mode"],"joinArgs":false} {"metadata":{"emulator":{"name":"firestore"},"message":"Starting Firestore Emulator with command {\"binary\":\"java\",\"args\":[\"-Dgoogle.cloud_firestore.debug_log_level=FINE\",\"-Duser.language=en\",\"-jar\",\"C:\\\\Users\\\\erics\\\\.cache\\\\firebase\\\\emulators\\\\cloud-firestore-emulator-v1.18.2.jar\",\"--host\",\"127.0.0.1\",\"--port\",8080,\"--websocket_port\",9150,\"--project_id\",\"cisc327newprojectdb\",\"--rules\",\"C:\\\\Users\\\\erics\\\\VSC\\\\WebDev\\\\CISC-327-Task-Manager\\\\task-management-system\\\\firestore.rules\"],\"optionalArgs\":[\"port\",\"webchannel_port\",\"host\",\"rules\",\"websocket_port\",\"functions_emulator\",\"seed_from_export\",\"project_id\",\"single_project_mode\"],\"joinArgs\":false}"}}
[info] i  firestore: Firestore Emulator logging to firestore-debug.log {"metadata":{"emulator":{"name":"firestore"},"message":"Firestore Emulator logging to \u001b[1mfirestore-debug.log\u001b[22m"}}
[info] +  firestore: Firestore Emulator UI websocket is running on 9150. {"metadata":{"emulator":{"name":"firestore"},"message":"Firestore Emulator UI websocket is running on 9150."}}
[info] i  ui: downloading ui-v1.11.7.zip... {"metadata":{"emulator":{"name":"ui"},"message":"downloading ui-v1.11.7.zip..."}}
[debug] [2023-11-25T06:45:02.783Z] >>> [apiv2][query] GET https://storage.googleapis.com/firebase-preview-drop/emulator/ui-v1.11.7.zip 
[debug] [2023-11-25T06:45:02.902Z] <<< [apiv2][status] GET https://storage.googleapis.com/firebase-preview-drop/emulator/ui-v1.11.7.zip 200
[debug] [2023-11-25T06:45:02.903Z] <<< [apiv2][body] GET https://storage.googleapis.com/firebase-preview-drop/emulator/ui-v1.11.7.zip [stream]
[debug] [2023-11-25T06:45:03.112Z] Data is 3064105
[debug] [2023-11-25T06:45:03.112Z] [unzip] Entry: client/ (compressed_size=0 bytes, uncompressed_size=0 bytes)
[debug] [2023-11-25T06:45:03.112Z] [unzip] Processing entry: client\
[debug] [2023-11-25T06:45:03.112Z] [unzip] mkdir: C:\Users\erics\.cache\firebase\emulators\ui-v1.11.7\client\
[debug] [2023-11-25T06:45:03.114Z] [unzip] Entry: client/favicon.ico (compressed_size=2497 bytes, uncompressed_size=7406 bytes)
[debug] [2023-11-25T06:45:03.114Z] [unzip] Processing entry: client\favicon.ico
[debug] [2023-11-25T06:45:03.114Z] [unzip] else mkdir: C:\Users\erics\.cache\firebase\emulators\ui-v1.11.7\client
[debug] [2023-11-25T06:45:03.114Z] [unzip] deflating: C:\Users\erics\.cache\firebase\emulators\ui-v1.11.7\client\favicon.ico
[debug] [2023-11-25T06:45:03.118Z] [unzip] Entry: client/apple-touch-icon.png (compressed_size=7231 bytes, uncompressed_size=7367 bytes)
[debug] [2023-11-25T06:45:03.118Z] [unzip] Processing entry: client\apple-touch-icon.png
[debug] [2023-11-25T06:45:03.119Z] [unzip] else mkdir: C:\Users\erics\.cache\firebase\emulators\ui-v1.11.7\client
[debug] [2023-11-25T06:45:03.119Z] [unzip] deflating: C:\Users\erics\.cache\firebase\emulators\ui-v1.11.7\client\apple-touch-icon.png
[debug] [2023-11-25T06:45:03.120Z] [unzip] Entry: client/android-chrome-512x512.png (compressed_size=16987 bytes, uncompressed_size=18186 bytes)
[debug] [2023-11-25T06:45:03.121Z] [unzip] Processing entry: client\android-chrome-512x512.png
[debug] [2023-11-25T06:45:03.121Z] [unzip] else mkdir: C:\Users\erics\.cache\firebase\emulators\ui-v1.11.7\client
[debug] [2023-11-25T06:45:03.121Z] [unzip] deflating: C:\Users\erics\.cache\firebase\emulators\ui-v1.11.7\client\android-chrome-512x512.png
[debug] [2023-11-25T06:45:03.122Z] [unzip] Entry: client/assets/ (compressed_size=0 bytes, uncompressed_size=0 bytes)
[debug] [2023-11-25T06:45:03.122Z] [unzip] Processing entry: client\assets\
[debug] [2023-11-25T06:45:03.123Z] [unzip] mkdir: C:\Users\erics\.cache\firebase\emulators\ui-v1.11.7\client\assets\
[debug] [2023-11-25T06:45:03.123Z] [unzip] Entry: client/assets/extensions/ (compressed_size=0 bytes, uncompressed_size=0 bytes)
[debug] [2023-11-25T06:45:03.124Z] [unzip] Processing entry: client\assets\extensions\
[debug] [2023-11-25T06:45:03.124Z] [unzip] mkdir: C:\Users\erics\.cache\firebase\emulators\ui-v1.11.7\client\assets\extensions\
[debug] [2023-11-25T06:45:03.124Z] [unzip] Entry: client/assets/extensions/default-extension.png (compressed_size=1646 bytes, uncompressed_size=1657 bytes)
[debug] [2023-11-25T06:45:03.124Z] [unzip] Processing entry: client\assets\extensions\default-extension.png
[debug] [2023-11-25T06:45:03.124Z] [unzip] else mkdir: C:\Users\erics\.cache\firebase\emulators\ui-v1.11.7\client\assets\extensions
[debug] [2023-11-25T06:45:03.124Z] [unzip] deflating: C:\Users\erics\.cache\firebase\emulators\ui-v1.11.7\client\assets\extensions\default-extension.png
[debug] [2023-11-25T06:45:03.125Z] [unzip] Entry: client/assets/index.58ca09f7.css (compressed_size=37601 bytes, uncompressed_size=321252 bytes)
[debug] [2023-11-25T06:45:03.125Z] [unzip] Processing entry: client\assets\index.58ca09f7.css
[debug] [2023-11-25T06:45:03.126Z] [unzip] else mkdir: C:\Users\erics\.cache\firebase\emulators\ui-v1.11.7\client\assets
[debug] [2023-11-25T06:45:03.126Z] [unzip] deflating: C:\Users\erics\.cache\firebase\emulators\ui-v1.11.7\client\assets\index.58ca09f7.css
[debug] [2023-11-25T06:45:03.129Z] [unzip] Entry: client/assets/index.c2583d42.js (compressed_size=526232 bytes, uncompressed_size=1860152 bytes)
[debug] [2023-11-25T06:45:03.129Z] [unzip] Processing entry: client\assets\index.c2583d42.js
[debug] [2023-11-25T06:45:03.129Z] [unzip] else mkdir: C:\Users\erics\.cache\firebase\emulators\ui-v1.11.7\client\assets
[debug] [2023-11-25T06:45:03.130Z] [unzip] deflating: C:\Users\erics\.cache\firebase\emulators\ui-v1.11.7\client\assets\index.c2583d42.js
[debug] [2023-11-25T06:45:03.141Z] [unzip] Entry: client/assets/provider-icons/ (compressed_size=0 bytes, uncompressed_size=0 bytes)
[debug] [2023-11-25T06:45:03.141Z] [unzip] Processing entry: client\assets\provider-icons\
[debug] [2023-11-25T06:45:03.141Z] [unzip] mkdir: C:\Users\erics\.cache\firebase\emulators\ui-v1.11.7\client\assets\provider-icons\
[debug] [2023-11-25T06:45:03.142Z] [unzip] Entry: client/assets/provider-icons/auth_service_oidc.svg (compressed_size=414 bytes, uncompressed_size=858 bytes)
[debug] [2023-11-25T06:45:03.142Z] [unzip] Processing entry: client\assets\provider-icons\auth_service_oidc.svg
[debug] [2023-11-25T06:45:03.142Z] [unzip] else mkdir: C:\Users\erics\.cache\firebase\emulators\ui-v1.11.7\client\assets\provider-icons
[debug] [2023-11-25T06:45:03.143Z] [unzip] deflating: C:\Users\erics\.cache\firebase\emulators\ui-v1.11.7\client\assets\provider-icons\auth_service_oidc.svg
[debug] [2023-11-25T06:45:03.146Z] [unzip] Entry: client/assets/provider-icons/auth_service_yahoo.svg (compressed_size=577 bytes, uncompressed_size=1182 bytes)
[debug] [2023-11-25T06:45:03.146Z] [unzip] Processing entry: client\assets\provider-icons\auth_service_yahoo.svg
[debug] [2023-11-25T06:45:03.146Z] [unzip] else mkdir: C:\Users\erics\.cache\firebase\emulators\ui-v1.11.7\client\assets\provider-icons
[debug] [2023-11-25T06:45:03.147Z] [unzip] deflating: C:\Users\erics\.cache\firebase\emulators\ui-v1.11.7\client\assets\provider-icons\auth_service_yahoo.svg
[debug] [2023-11-25T06:45:03.148Z] [unzip] Entry: client/assets/provider-icons/auth_service_phone.svg (compressed_size=261 bytes, uncompressed_size=414 bytes)
[debug] [2023-11-25T06:45:03.149Z] [unzip] Processing entry: client\assets\provider-icons\auth_service_phone.svg
[debug] [2023-11-25T06:45:03.149Z] [unzip] else mkdir: C:\Users\erics\.cache\firebase\emulators\ui-v1.11.7\client\assets\provider-icons
[debug] [2023-11-25T06:45:03.149Z] [unzip] deflating: C:\Users\erics\.cache\firebase\emulators\ui-v1.11.7\client\assets\provider-icons\auth_service_phone.svg
[debug] [2023-11-25T06:45:03.151Z] [unzip] Entry: client/assets/provider-icons/auth_service_saml.svg (compressed_size=575 bytes, uncompressed_size=1226 bytes)
[debug] [2023-11-25T06:45:03.152Z] [unzip] Processing entry: client\assets\provider-icons\auth_service_saml.svg
[debug] [2023-11-25T06:45:03.152Z] [unzip] else mkdir: C:\Users\erics\.cache\firebase\emulators\ui-v1.11.7\client\assets\provider-icons
[debug] [2023-11-25T06:45:03.152Z] [unzip] deflating: C:\Users\erics\.cache\firebase\emulators\ui-v1.11.7\client\assets\provider-icons\auth_service_saml.svg
[debug] [2023-11-25T06:45:03.154Z] [unzip] Entry: client/assets/provider-icons/auth_service_mslive.svg (compressed_size=203 bytes, uncompressed_size=378 bytes)
[debug] [2023-11-25T06:45:03.154Z] [unzip] Processing entry: client\assets\provider-icons\auth_service_mslive.svg
[debug] [2023-11-25T06:45:03.154Z] [unzip] else mkdir: C:\Users\erics\.cache\firebase\emulators\ui-v1.11.7\client\assets\provider-icons
[debug] [2023-11-25T06:45:03.155Z] [unzip] deflating: C:\Users\erics\.cache\firebase\emulators\ui-v1.11.7\client\assets\provider-icons\auth_service_mslive.svg
[debug] [2023-11-25T06:45:03.156Z] [unzip] Entry: client/assets/provider-icons/auth_service_facebook.svg (compressed_size=289 bytes, uncompressed_size=457 bytes)
[debug] [2023-11-25T06:45:03.156Z] [unzip] Processing entry: client\assets\provider-icons\auth_service_facebook.svg
[debug] [2023-11-25T06:45:03.157Z] [unzip] else mkdir: C:\Users\erics\.cache\firebase\emulators\ui-v1.11.7\client\assets\provider-icons
[debug] [2023-11-25T06:45:03.157Z] [unzip] deflating: C:\Users\erics\.cache\firebase\emulators\ui-v1.11.7\client\assets\provider-icons\auth_service_facebook.svg
[debug] [2023-11-25T06:45:03.158Z] [unzip] Entry: client/assets/provider-icons/auth_service_play_games.svg (compressed_size=565 bytes, uncompressed_size=1173 bytes)
[debug] [2023-11-25T06:45:03.159Z] [unzip] Processing entry: client\assets\provider-icons\auth_service_play_games.svg
[debug] [2023-11-25T06:45:03.159Z] [unzip] else mkdir: C:\Users\erics\.cache\firebase\emulators\ui-v1.11.7\client\assets\provider-icons
[debug] [2023-11-25T06:45:03.159Z] [unzip] deflating: C:\Users\erics\.cache\firebase\emulators\ui-v1.11.7\client\assets\provider-icons\auth_service_play_games.svg
[debug] [2023-11-25T06:45:03.161Z] [unzip] Entry: client/assets/provider-icons/auth_service_github.svg (compressed_size=466 bytes, uncompressed_size=838 bytes)
[debug] [2023-11-25T06:45:03.161Z] [unzip] Processing entry: client\assets\provider-icons\auth_service_github.svg
[debug] [2023-11-25T06:45:03.161Z] [unzip] else mkdir: C:\Users\erics\.cache\firebase\emulators\ui-v1.11.7\client\assets\provider-icons
[debug] [2023-11-25T06:45:03.162Z] [unzip] deflating: C:\Users\erics\.cache\firebase\emulators\ui-v1.11.7\client\assets\provider-icons\auth_service_github.svg
[debug] [2023-11-25T06:45:03.163Z] [unzip] Entry: client/assets/provider-icons/auth_service_apple.svg (compressed_size=230 bytes, uncompressed_size=334 bytes)
[debug] [2023-11-25T06:45:03.163Z] [unzip] Processing entry: client\assets\provider-icons\auth_service_apple.svg
[debug] [2023-11-25T06:45:03.163Z] [unzip] else mkdir: C:\Users\erics\.cache\firebase\emulators\ui-v1.11.7\client\assets\provider-icons
[debug] [2023-11-25T06:45:03.164Z] [unzip] deflating: C:\Users\erics\.cache\firebase\emulators\ui-v1.11.7\client\assets\provider-icons\auth_service_apple.svg
[debug] [2023-11-25T06:45:03.165Z] [unzip] Entry: client/assets/provider-icons/auth_service_google.svg (compressed_size=409 bytes, uncompressed_size=720 bytes)
[debug] [2023-11-25T06:45:03.165Z] [unzip] Processing entry: client\assets\provider-icons\auth_service_google.svg
[debug] [2023-11-25T06:45:03.165Z] [unzip] else mkdir: C:\Users\erics\.cache\firebase\emulators\ui-v1.11.7\client\assets\provider-icons
[debug] [2023-11-25T06:45:03.165Z] [unzip] deflating: C:\Users\erics\.cache\firebase\emulators\ui-v1.11.7\client\assets\provider-icons\auth_service_google.svg
[debug] [2023-11-25T06:45:03.166Z] [unzip] Entry: client/assets/provider-icons/auth_service_email.svg (compressed_size=228 bytes, uncompressed_size=326 bytes)
[debug] [2023-11-25T06:45:03.167Z] [unzip] Processing entry: client\assets\provider-icons\auth_service_email.svg
[debug] [2023-11-25T06:45:03.167Z] [unzip] else mkdir: C:\Users\erics\.cache\firebase\emulators\ui-v1.11.7\client\assets\provider-icons
[debug] [2023-11-25T06:45:03.167Z] [unzip] deflating: C:\Users\erics\.cache\firebase\emulators\ui-v1.11.7\client\assets\provider-icons\auth_service_email.svg
[debug] [2023-11-25T06:45:03.168Z] [unzip] Entry: client/assets/provider-icons/auth_service_twitter.svg (compressed_size=444 bytes, uncompressed_size=751 bytes)
[debug] [2023-11-25T06:45:03.168Z] [unzip] Processing entry: client\assets\provider-icons\auth_service_twitter.svg
[debug] [2023-11-25T06:45:03.168Z] [unzip] else mkdir: C:\Users\erics\.cache\firebase\emulators\ui-v1.11.7\client\assets\provider-icons
[debug] [2023-11-25T06:45:03.169Z] [unzip] deflating: C:\Users\erics\.cache\firebase\emulators\ui-v1.11.7\client\assets\provider-icons\auth_service_twitter.svg
[debug] [2023-11-25T06:45:03.170Z] [unzip] Entry: client/assets/provider-icons/auth_service_game_center.svg (compressed_size=991 bytes, uncompressed_size=3921 bytes)
[debug] [2023-11-25T06:45:03.171Z] [unzip] Processing entry: client\assets\provider-icons\auth_service_game_center.svg
[debug] [2023-11-25T06:45:03.171Z] [unzip] else mkdir: C:\Users\erics\.cache\firebase\emulators\ui-v1.11.7\client\assets\provider-icons
[debug] [2023-11-25T06:45:03.172Z] [unzip] deflating: C:\Users\erics\.cache\firebase\emulators\ui-v1.11.7\client\assets\provider-icons\auth_service_game_center.svg
[debug] [2023-11-25T06:45:03.174Z] [unzip] Entry: client/assets/index.c2583d42.js.map (compressed_size=1778557 bytes, uncompressed_size=7961927 bytes)
[debug] [2023-11-25T06:45:03.174Z] [unzip] Processing entry: client\assets\index.c2583d42.js.map
[debug] [2023-11-25T06:45:03.174Z] [unzip] else mkdir: C:\Users\erics\.cache\firebase\emulators\ui-v1.11.7\client\assets
[debug] [2023-11-25T06:45:03.175Z] [unzip] deflating: C:\Users\erics\.cache\firebase\emulators\ui-v1.11.7\client\assets\index.c2583d42.js.map
[debug] [2023-11-25T06:45:03.207Z] [unzip] Entry: client/assets/img/ (compressed_size=0 bytes, uncompressed_size=0 bytes)
[debug] [2023-11-25T06:45:03.207Z] [unzip] Processing entry: client\assets\img\
[debug] [2023-11-25T06:45:03.207Z] [unzip] mkdir: C:\Users\erics\.cache\firebase\emulators\ui-v1.11.7\client\assets\img\
[debug] [2023-11-25T06:45:03.208Z] [unzip] Entry: client/assets/img/database.png (compressed_size=29449 bytes, uncompressed_size=29988 bytes)
[debug] [2023-11-25T06:45:03.208Z] [unzip] Processing entry: client\assets\img\database.png
[debug] [2023-11-25T06:45:03.208Z] [unzip] else mkdir: C:\Users\erics\.cache\firebase\emulators\ui-v1.11.7\client\assets\img
[debug] [2023-11-25T06:45:03.208Z] [unzip] deflating: C:\Users\erics\.cache\firebase\emulators\ui-v1.11.7\client\assets\img\database.png
[debug] [2023-11-25T06:45:03.209Z] [unzip] Entry: client/safari-pinned-tab.svg (compressed_size=838 bytes, uncompressed_size=1504 bytes)
[debug] [2023-11-25T06:45:03.210Z] [unzip] Processing entry: client\safari-pinned-tab.svg
[debug] [2023-11-25T06:45:03.210Z] [unzip] else mkdir: C:\Users\erics\.cache\firebase\emulators\ui-v1.11.7\client
[debug] [2023-11-25T06:45:03.210Z] [unzip] deflating: C:\Users\erics\.cache\firebase\emulators\ui-v1.11.7\client\safari-pinned-tab.svg
[debug] [2023-11-25T06:45:03.211Z] [unzip] Entry: client/mstile-150x150.png (compressed_size=5406 bytes, uncompressed_size=5723 bytes)
[debug] [2023-11-25T06:45:03.211Z] [unzip] Processing entry: client\mstile-150x150.png
[debug] [2023-11-25T06:45:03.211Z] [unzip] else mkdir: C:\Users\erics\.cache\firebase\emulators\ui-v1.11.7\client
[debug] [2023-11-25T06:45:03.211Z] [unzip] deflating: C:\Users\erics\.cache\firebase\emulators\ui-v1.11.7\client\mstile-150x150.png
[debug] [2023-11-25T06:45:03.212Z] [unzip] Entry: client/browserconfig.xml (compressed_size=491 bytes, uncompressed_size=822 bytes)
[debug] [2023-11-25T06:45:03.212Z] [unzip] Processing entry: client\browserconfig.xml
[debug] [2023-11-25T06:45:03.212Z] [unzip] else mkdir: C:\Users\erics\.cache\firebase\emulators\ui-v1.11.7\client
[debug] [2023-11-25T06:45:03.213Z] [unzip] deflating: C:\Users\erics\.cache\firebase\emulators\ui-v1.11.7\client\browserconfig.xml
[debug] [2023-11-25T06:45:03.214Z] [unzip] Entry: client/robots.txt (compressed_size=26 bytes, uncompressed_size=26 bytes)
[debug] [2023-11-25T06:45:03.214Z] [unzip] Processing entry: client\robots.txt
[debug] [2023-11-25T06:45:03.214Z] [unzip] else mkdir: C:\Users\erics\.cache\firebase\emulators\ui-v1.11.7\client
[debug] [2023-11-25T06:45:03.214Z] [unzip] Writing file: C:\Users\erics\.cache\firebase\emulators\ui-v1.11.7\client\robots.txt
[debug] [2023-11-25T06:45:03.216Z] [unzip] Entry: client/index.html (compressed_size=1363 bytes, uncompressed_size=3064 bytes)
[debug] [2023-11-25T06:45:03.216Z] [unzip] Processing entry: client\index.html
[debug] [2023-11-25T06:45:03.216Z] [unzip] else mkdir: C:\Users\erics\.cache\firebase\emulators\ui-v1.11.7\client
[debug] [2023-11-25T06:45:03.216Z] [unzip] deflating: C:\Users\erics\.cache\firebase\emulators\ui-v1.11.7\client\index.html
[debug] [2023-11-25T06:45:03.218Z] [unzip] Entry: client/favicon-16x16.png (compressed_size=757 bytes, uncompressed_size=777 bytes)
[debug] [2023-11-25T06:45:03.218Z] [unzip] Processing entry: client\favicon-16x16.png
[debug] [2023-11-25T06:45:03.218Z] [unzip] else mkdir: C:\Users\erics\.cache\firebase\emulators\ui-v1.11.7\client
[debug] [2023-11-25T06:45:03.218Z] [unzip] deflating: C:\Users\erics\.cache\firebase\emulators\ui-v1.11.7\client\favicon-16x16.png
[debug] [2023-11-25T06:45:03.219Z] [unzip] Entry: client/manifest.json (compressed_size=246 bytes, uncompressed_size=551 bytes)
[debug] [2023-11-25T06:45:03.219Z] [unzip] Processing entry: client\manifest.json
[debug] [2023-11-25T06:45:03.219Z] [unzip] else mkdir: C:\Users\erics\.cache\firebase\emulators\ui-v1.11.7\client
[debug] [2023-11-25T06:45:03.220Z] [unzip] deflating: C:\Users\erics\.cache\firebase\emulators\ui-v1.11.7\client\manifest.json
[debug] [2023-11-25T06:45:03.221Z] [unzip] Entry: client/favicon-32x32.png (compressed_size=1175 bytes, uncompressed_size=1175 bytes)
[debug] [2023-11-25T06:45:03.221Z] [unzip] Processing entry: client\favicon-32x32.png
[debug] [2023-11-25T06:45:03.221Z] [unzip] else mkdir: C:\Users\erics\.cache\firebase\emulators\ui-v1.11.7\client
[debug] [2023-11-25T06:45:03.221Z] [unzip] Writing file: C:\Users\erics\.cache\firebase\emulators\ui-v1.11.7\client\favicon-32x32.png
[debug] [2023-11-25T06:45:03.222Z] [unzip] Entry: client/android-chrome-192x192.png (compressed_size=7602 bytes, uncompressed_size=7834 bytes)
[debug] [2023-11-25T06:45:03.222Z] [unzip] Processing entry: client\android-chrome-192x192.png
[debug] [2023-11-25T06:45:03.222Z] [unzip] else mkdir: C:\Users\erics\.cache\firebase\emulators\ui-v1.11.7\client
[debug] [2023-11-25T06:45:03.223Z] [unzip] deflating: C:\Users\erics\.cache\firebase\emulators\ui-v1.11.7\client\android-chrome-192x192.png
[debug] [2023-11-25T06:45:03.224Z] [unzip] Entry: server/ (compressed_size=0 bytes, uncompressed_size=0 bytes)
[debug] [2023-11-25T06:45:03.224Z] [unzip] Processing entry: server\
[debug] [2023-11-25T06:45:03.224Z] [unzip] mkdir: C:\Users\erics\.cache\firebase\emulators\ui-v1.11.7\server\
[debug] [2023-11-25T06:45:03.225Z] [unzip] Entry: server/server.js (compressed_size=343746 bytes, uncompressed_size=1346374 bytes)
[debug] [2023-11-25T06:45:03.225Z] [unzip] Processing entry: server\server.js
[debug] [2023-11-25T06:45:03.225Z] [unzip] else mkdir: C:\Users\erics\.cache\firebase\emulators\ui-v1.11.7\server
[debug] [2023-11-25T06:45:03.225Z] [unzip] deflating: C:\Users\erics\.cache\firebase\emulators\ui-v1.11.7\server\server.js
[debug] [2023-11-25T06:45:03.234Z] [unzip] Entry: server/server.js.map (compressed_size=289157 bytes, uncompressed_size=1325651 bytes)
[debug] [2023-11-25T06:45:03.234Z] [unzip] Processing entry: server\server.js.map
[debug] [2023-11-25T06:45:03.235Z] [unzip] else mkdir: C:\Users\erics\.cache\firebase\emulators\ui-v1.11.7\server
[debug] [2023-11-25T06:45:03.235Z] [unzip] deflating: C:\Users\erics\.cache\firebase\emulators\ui-v1.11.7\server\server.js.map
[debug] [2023-11-25T06:45:03.243Z] Ignoring unsupported arg: auto_download {"metadata":{"emulator":{"name":"ui"},"message":"Ignoring unsupported arg: auto_download"}}
[debug] [2023-11-25T06:45:03.243Z] Ignoring unsupported arg: port {"metadata":{"emulator":{"name":"ui"},"message":"Ignoring unsupported arg: port"}}
[debug] [2023-11-25T06:45:03.243Z] Starting Emulator UI with command {"binary":"node","args":["C:\\Users\\erics\\.cache\\firebase\\emulators\\ui-v1.11.7\\server\\server.js"],"optionalArgs":[],"joinArgs":false} {"metadata":{"emulator":{"name":"ui"},"message":"Starting Emulator UI with command {\"binary\":\"node\",\"args\":[\"C:\\\\Users\\\\erics\\\\.cache\\\\firebase\\\\emulators\\\\ui-v1.11.7\\\\server\\\\server.js\"],\"optionalArgs\":[],\"joinArgs\":false}"}}
[info] i  ui: Emulator UI logging to ui-debug.log {"metadata":{"emulator":{"name":"ui"},"message":"Emulator UI logging to \u001b[1mui-debug.log\u001b[22m"}}
[debug] [2023-11-25T06:45:03.371Z] Web / API server started at 127.0.0.1:4000
 {"metadata":{"emulator":{"name":"ui"},"message":"Web / API server started at 127.0.0.1:4000\n"}}
[debug] [2023-11-25T06:45:03.372Z] Web / API server started at ::1:4000
 {"metadata":{"emulator":{"name":"ui"},"message":"Web / API server started at ::1:4000\n"}}
[info] 
┌─────────────────────────────────────────────────────────────┐
│ ✔  All emulators ready! It is now safe to connect your app. │
│ i  View Emulator UI at http://127.0.0.1:4000/               │
└─────────────────────────────────────────────────────────────┘

┌───────────┬────────────────┬─────────────────────────────────┐
│ Emulator  │ Host:Port      │ View in Emulator UI             │
├───────────┼────────────────┼─────────────────────────────────┤
│ Firestore │ 127.0.0.1:8080 │ http://127.0.0.1:4000/firestore │
└───────────┴────────────────┴─────────────────────────────────┘
  Emulator Hub running at 127.0.0.1:4400
  Other reserved ports: 4500, 9150

Issues? Report them at https://github.com/firebase/firebase-tools/issues and attach the *-debug.log files.
 
[debug] [2023-11-25T07:25:09.950Z] Received signal SIGHUP 1
